<?xml version="1.0" encoding="utf-8"?><testsuites name="pytest tests"><testsuite name="pytest" errors="0" failures="0" skipped="0" tests="15" time="1.857" timestamp="2026-05-28T18:05:24.992563+00:00" hostname="agent-env-4575443e-c6e1-429a-9217-ef68bbdbd082"><testcase classname="backend.tests.test_screener.TestRoot" name="test_root" time="0.672" /><testcase classname="backend.tests.test_screener.TestTokensList" name="test_list_tokens_all" time="0.248" /><testcase classname="backend.tests.test_screener.TestTokensList" name="test_filter_hot" time="0.051" /><testcase classname="backend.tests.test_screener.TestTokensList" name="test_filter_new" time="0.051" /><testcase classname="backend.tests.test_screener.TestTokensList" name="test_filter_hot_new" time="0.047" /><testcase classname="backend.tests.test_screener.TestTokensList" name="test_min_volume" time="0.056" /><testcase classname="backend.tests.test_screener.TestTokensList" name="test_search" time="0.047" /><testcase classname="backend.tests.test_screener.TestTokensList" name="test_limit" time="0.047" /><testcase classname="backend.tests.test_screener.TestTokenDetail" name="test_get_token_existing" time="0.100" /><testcase classname="backend.tests.test_screener.TestTokenDetail" name="test_get_token_invalid" time="0.134" /><testcase classname="backend.tests.test_screener.TestAnalyze" name="test_analyze_returns_schema" time="0.104" /><testcase classname="backend.tests.test_screener.TestAnalyze" name="test_analyze_cached" time="0.047" /><testcase classname="backend.tests.test_screener.TestTelegram" name="test_config_returns_unconfigured" time="0.050" /><testcase classname="backend.tests.test_screener.TestTelegram" name="test_telegram_test_unconfigured" time="0.058" /><testcase classname="backend.tests.test_screener.TestTelegram" name="test_scan_and_alert_unconfigured" time="0.048" /></testsuite></testsuites>